<?xml version="1.0" encoding="UTF-8"?>
<!-- Generated by org.testng.reporters.JUnitReportReporter -->
<testsuite skipped="0" hostname="CHETAN" name="Test_Package.OtherClass" tests="2" failures="0" timestamp="2021-11-24T22:20:25 IST" time="0.003" errors="0">
  <testcase name="D" time="0.001" classname="Test_Package.OtherClass"/>
  <system-out/>
  <testcase name="C" time="0.002" classname="Test_Package.OtherClass"/>
  <system-out/>
</testsuite> <!-- Test_Package.OtherClass -->
