<?xml version="1.0" encoding="UTF-8"?>
<!-- Generated by org.testng.reporters.JUnitReportReporter -->
<testsuite skipped="0" hostname="CHETAN" name="Test_Package.MyClass" tests="2" failures="0" timestamp="2021-11-24T22:58:36 IST" time="0.010" errors="0">
  <testcase name="A" time="0.008" classname="Test_Package.MyClass"/>
  <system-out/>
  <testcase name="B" time="0.002" classname="Test_Package.MyClass"/>
  <system-out/>
</testsuite> <!-- Test_Package.MyClass -->
